<?xml version="1.0" encoding="UTF-8"?>
<!-- Generated by org.testng.reporters.JUnitReportReporter -->
<testsuite skipped="0" hostname="oybeks-MacBook-Pro.local" name="APITesting.com.org.api.JsonServerRequest" tests="1" failures="0" timestamp="30 Apr 2017 21:57:05 GMT" time="1.723" errors="0">
  <testcase name="test_09" time="1.723" classname="APITesting.com.org.api.JsonServerRequest"/>
</testsuite> <!-- APITesting.com.org.api.JsonServerRequest -->
